<?xml version="1.0" encoding="UTF-8"?>
<!-- Generated by org.testng.reporters.JUnitReportReporter -->
<testsuite skipped="0" hostname="IN-00208619" name="com.base.test.LoginTest" tests="2" failures="0" timestamp="2020-01-19T14:23:41 IST" time="52.912" errors="0">
  <testcase name="doLoginTest" time="26.447" classname="com.base.test.LoginTest"/>
  <system-out/>
  <testcase name="verifyLoginPageTitleTest" time="26.465" classname="com.base.test.LoginTest"/>
  <system-out/>
</testsuite> <!-- com.base.test.LoginTest -->
