<?xml version="1.0" encoding="UTF-8"?>
<!-- Generated by org.testng.reporters.JUnitReportReporter -->
<testsuite skipped="0" hostname="IN-00208619" name="com.crm.qa.testcases.HomePageTest" tests="3" failures="0" timestamp="12 Dec 2019 17:56:00 GMT" time="32.571" errors="0">
  <testcase name="verifyHomePageTitleTest" time="9.654" classname="com.crm.qa.testcases.HomePageTest"/>
  <testcase name="verifyUserNameTest" time="11.430" classname="com.crm.qa.testcases.HomePageTest"/>
  <testcase name="verifyContactsLinkTest" time="11.487" classname="com.crm.qa.testcases.HomePageTest"/>
</testsuite> <!-- com.crm.qa.testcases.HomePageTest -->
