<?xml version="1.0" encoding="UTF-8"?>
<!-- Generated by org.testng.reporters.JUnitReportReporter -->
<testsuite skipped="0" hostname="IN-00208619" name="com.crm.qa.testcases.LoginPageTest" tests="2" failures="0" timestamp="12 Dec 2019 17:56:00 GMT" time="22.081" errors="0">
  <testcase name="loginPageTitleTest" time="11.308" classname="com.crm.qa.testcases.LoginPageTest"/>
  <testcase name="loginTest" time="10.773" classname="com.crm.qa.testcases.LoginPageTest"/>
</testsuite> <!-- com.crm.qa.testcases.LoginPageTest -->
