<?xml version="1.0" encoding="UTF-8"?>
<!-- Generated by org.testng.reporters.JUnitReportReporter -->
<testsuite skipped="0" hostname="IN-00208619" name="com.crm.qa.testcases.ContactsPageTest" tests="1" failures="0" timestamp="15 Dec 2019 11:42:40 GMT" time="39.018" errors="0">
  <testcase name="selectMultipleContactsTest" time="39.018" classname="com.crm.qa.testcases.ContactsPageTest"/>
</testsuite> <!-- com.crm.qa.testcases.ContactsPageTest -->
